<?xml version="1.0" encoding="UTF-8"?>
<robot generator="Robot 7.0 (Python 3.12.3 on win32)" generated="2024-10-07T21:07:01.807663" rpa="false" schemaversion="5">
<suite id="s1" name="SortProduct" source="C:\Users\asus\Desktop\test_software\New folder\Webdemo_Project\pythonProject1\Test_case\SortProduct.robot">
<test id="s1-t1" name="Open Browser Login Page" line="8">
<kw name="Launching the Browswer" owner="Test_Base" type="SETUP">
<kw name="Open Browser" owner="SeleniumLibrary" type="SETUP">
<msg time="2024-10-07T21:07:03.034205" level="INFO">Opening browser 'chrome' to base url 'https://www.saucedemo.com/'.</msg>
<arg>${Link}</arg>
<arg>${browser}</arg>
<doc>Opens a new browser instance to the optional ``url``.</doc>
<status status="PASS" start="2024-10-07T21:07:03.034205" elapsed="5.289327"/>
</kw>
<kw name="Maximize Browser Window" owner="SeleniumLibrary">
<doc>Maximizes current browser window.</doc>
<status status="PASS" start="2024-10-07T21:07:08.323532" elapsed="0.083111"/>
</kw>
<kw name="Set Selenium Implicit Wait" owner="SeleniumLibrary">
<arg>${timeout}</arg>
<doc>Sets the implicit wait value used by Selenium.</doc>
<status status="PASS" start="2024-10-07T21:07:08.406643" elapsed="0.000000"/>
</kw>
<doc>opening the Browser</doc>
<status status="PASS" start="2024-10-07T21:07:03.034205" elapsed="5.378446"/>
</kw>
<kw name="Input Text" owner="SeleniumLibrary">
<msg time="2024-10-07T21:07:08.414033" level="INFO">Typing text 'standard_user' into text field 'id:user-name'.</msg>
<arg>${user_input}</arg>
<arg>${Valid username}</arg>
<doc>Types the given ``text`` into the text field identified by ``locator``.</doc>
<status status="PASS" start="2024-10-07T21:07:08.413207" elapsed="0.271662"/>
</kw>
<kw name="Input Text" owner="SeleniumLibrary">
<msg time="2024-10-07T21:07:08.690378" level="INFO">Typing text 'secret_sauce' into text field 'id:password'.</msg>
<arg>${pass_input}</arg>
<arg>${valid Password}</arg>
<doc>Types the given ``text`` into the text field identified by ``locator``.</doc>
<status status="PASS" start="2024-10-07T21:07:08.684869" elapsed="0.151704"/>
</kw>
<kw name="Click Element" owner="SeleniumLibrary">
<msg time="2024-10-07T21:07:08.836573" level="INFO">Clicking element 'id:login-button'.</msg>
<arg>${Submit_Btn}</arg>
<doc>Click the element identified by ``locator``.</doc>
<status status="PASS" start="2024-10-07T21:07:08.836573" elapsed="0.156659"/>
</kw>
<doc>launch the browser</doc>
<status status="PASS" start="2024-10-07T21:07:03.034205" elapsed="5.959027"/>
</test>
<test id="s1-t2" name="HomePage Product" line="14">
<kw name="Sort Product" owner="SortProduct_Page">
<kw name="Element Should Contain" owner="SeleniumLibrary">
<msg time="2024-10-07T21:07:09.053211" level="INFO">Element 'class:inventory_item_name' contains text 'Sauce Labs Backpack'.</msg>
<arg>${Product_INDEX}</arg>
<arg>${Product}[0]</arg>
<doc>Verifies that element ``locator`` contains text ``expected``.</doc>
<status status="PASS" start="2024-10-07T21:07:08.998837" elapsed="0.054374"/>
</kw>
<doc>Sort product From</doc>
<status status="PASS" start="2024-10-07T21:07:08.997813" elapsed="0.055398"/>
</kw>
<kw name="Close Browser" owner="SeleniumLibrary" type="TEARDOWN">
<doc>Closes the current browser.</doc>
<status status="PASS" start="2024-10-07T21:07:09.053211" elapsed="2.286969"/>
</kw>
<status status="PASS" start="2024-10-07T21:07:08.995940" elapsed="2.344240"/>
</test>
<status status="PASS" start="2024-10-07T21:07:01.912364" elapsed="9.427816"/>
</suite>
<statistics>
<total>
<stat pass="2" fail="0" skip="0">All Tests</stat>
</total>
<tag>
</tag>
<suite>
<stat pass="2" fail="0" skip="0" id="s1" name="SortProduct">SortProduct</stat>
</suite>
</statistics>
<errors>
</errors>
</robot>
rifier [0x00007FF73B44B7C6+816390]
	(No symbol) [0x00007FF73B30B77F]
	(No symbol) [0x00007FF73B3075A4]
	(No symbol) [0x00007FF73B307740]
	(No symbol) [0x00007FF73B2F659F]
	BaseThreadInitThunk [0x00007FFA5E46257D+29]
	RtlUserThreadStart [0x00007FFA5ECAAF28+40]
</msg>
<msg time="2024-10-07T21:07:07.304274" level="FAIL">Element with locator 'class:inventory_item_name' not found.</msg>
<arg>${Product_INDEX}</arg>
<arg>${Product}[0]</arg>
<doc>Verifies that element ``locator`` contains text ``expected``.</doc>
<status status="FAIL" start="2024-10-07T21:07:00.196047" elapsed="7.301291">Element with locator 'class:inventory_item_name' not found.</status>
</kw>
<doc>Sort product From</doc>
<status status="FAIL" start="2024-10-07T21:07:00.075764" elapsed="7.423357">Element with locator 'class:inventory_item_name' not found.</status>
</kw>
<kw name="Close Browser" owner="SeleniumLibrary" type="TEARDOWN">
<doc>Closes the current browser.</doc>
<status status="PASS" start="2024-10-07T21:07:07.499121" elapsed="3.347310"/>
</kw>
<status status="FAIL" start="2024-10-07T21:07:00.075764" elapsed="10.770667">Element with locator 'class:inventory_item_name' not found.</status>
</test>
<status status="FAIL" start="2024-10-07T21:06:53.674445" elapsed="17.174491"/>
</suite>
<statistics>
<total>
<stat pass="1" fail="1" skip="0">All Tests</stat>
</total>
<tag>
</tag>
<suite>
<stat pass="1" fail="1" skip="0" id="s1" name="SortProduct">SortProduct</stat>
</suite>
</statistics>
<errors>
<msg time="2024-10-07T21:07:07.303177" level="WARN">Keyword 'Capture Page Screenshot' could not be run on failure: Message: no such window: target window already closed
from unknown error: web view not found
  (Session info: chrome=129.0.6668.90)
Stacktrace:
	GetHandleVerifier [0x00007FF73B38B645+29573]
	(No symbol) [0x00007FF73B300470]
	(No symbol) [0x00007FF73B1BB6EA]
	(No symbol) [0x00007FF73B18FCD5]
	(No symbol) [0x00007FF73B23EF67]
	(No symbol) [0x00007FF73B257FC1]
	(No symbol) [0x00007FF73B2370A3]
	(No symbol) [0x00007FF73B2012DF]
	(No symbol) [0x00007FF73B202441]
	GetHandleVerifier [0x00007FF73B6BC58D+3375821]
	GetHandleVerifier [0x00007FF73B707987+3684039]
	GetHandleVerifier [0x00007FF73B6FCDAB+3640043]
	GetHandleVerifier [0x00007FF73B44B7C6+816390]
	(No symbol) [0x00007FF73B30B77F]
	(No symbol) [0x00007FF73B3075A4]
	(No symbol) [0x00007FF73B307740]
	(No symbol) [0x00007FF73B2F659F]
	BaseThreadInitThunk [0x00007FFA5E46257D+29]
	RtlUserThreadStart [0x00007FFA5ECAAF28+40]
</msg>
</errors>
</robot>
